2021-02-08 14:34:17,019 INFO org.springframework.boot.StartupInfoLogger [restartedMain] Starting AerolineaApplication on DESKTOP-ANGEL with PID 2580 (C:\Users\angel\git\dp1-2020-g3-3\target\classes started by angel in C:\Users\angel\git\dp1-2020-g3-3)
2021-02-08 14:34:17,022 INFO org.springframework.boot.SpringApplication [restartedMain] No active profile set, falling back to default profiles: default
2021-02-08 14:34:17,068 INFO org.springframework.boot.logging.DeferredLog [restartedMain] The Class-Path manifest attribute in C:\Users\angel\.m2\repository\org\glassfish\jaxb\jaxb-runtime\2.3.2\jaxb-runtime-2.3.2.jar referenced one or more files that do not exist: file:/C:/Users/angel/.m2/repository/org/glassfish/jaxb/jaxb-runtime/2.3.2/jakarta.xml.bind-api-2.3.2.jar,file:/C:/Users/angel/.m2/repository/org/glassfish/jaxb/jaxb-runtime/2.3.2/txw2-2.3.2.jar,file:/C:/Users/angel/.m2/repository/org/glassfish/jaxb/jaxb-runtime/2.3.2/istack-commons-runtime-3.0.8.jar,file:/C:/Users/angel/.m2/repository/org/glassfish/jaxb/jaxb-runtime/2.3.2/stax-ex-1.8.1.jar,file:/C:/Users/angel/.m2/repository/org/glassfish/jaxb/jaxb-runtime/2.3.2/FastInfoset-1.2.16.jar,file:/C:/Users/angel/.m2/repository/org/glassfish/jaxb/jaxb-runtime/2.3.2/jakarta.activation-api-1.2.1.jar
2021-02-08 14:34:17,069 INFO org.springframework.boot.logging.DeferredLog [restartedMain] Devtools property defaults active! Set 'spring.devtools.add-properties' to 'false' to disable
2021-02-08 14:34:17,070 INFO org.springframework.boot.logging.DeferredLog [restartedMain] For additional web related logging consider setting the 'logging.level.web' property to 'DEBUG'
2021-02-08 14:34:17,931 INFO org.springframework.data.repository.config.RepositoryConfigurationDelegate [restartedMain] Bootstrapping Spring Data JPA repositories in DEFAULT mode.
2021-02-08 14:34:18,078 INFO org.springframework.data.repository.config.RepositoryConfigurationDelegate [restartedMain] Finished Spring Data repository scanning in 138ms. Found 15 JPA repository interfaces.
2021-02-08 14:34:18,519 INFO org.springframework.context.support.PostProcessorRegistrationDelegate$BeanPostProcessorChecker [restartedMain] Bean 'org.springframework.transaction.annotation.ProxyTransactionManagementConfiguration' of type [org.springframework.transaction.annotation.ProxyTransactionManagementConfiguration] is not eligible for getting processed by all BeanPostProcessors (for example: not eligible for auto-proxying)
2021-02-08 14:34:18,986 INFO org.springframework.boot.web.embedded.tomcat.TomcatWebServer [restartedMain] Tomcat initialized with port(s): 8080 (http)
2021-02-08 14:34:19,348 INFO org.springframework.boot.web.servlet.context.ServletWebServerApplicationContext [restartedMain] Root WebApplicationContext: initialization completed in 2278 ms
2021-02-08 14:34:19,625 INFO org.springframework.boot.autoconfigure.h2.H2ConsoleAutoConfiguration [restartedMain] H2 console available at '/h2-console'. Database available at 'jdbc:h2:mem:testdb'
2021-02-08 14:34:21,422 INFO org.springframework.orm.jpa.AbstractEntityManagerFactoryBean [restartedMain] Initialized JPA EntityManagerFactory for persistence unit 'default'
2021-02-08 14:34:21,443 INFO org.springframework.boot.devtools.autoconfigure.OptionalLiveReloadServer [restartedMain] LiveReload server is running on port 35729
2021-02-08 14:34:22,824 INFO org.springframework.security.web.DefaultSecurityFilterChain [restartedMain] Creating filter chain: any request, [org.springframework.security.web.context.request.async.WebAsyncManagerIntegrationFilter@35b3a490, org.springframework.security.web.context.SecurityContextPersistenceFilter@732f3eb1, org.springframework.security.web.header.HeaderWriterFilter@4b653cc1, org.springframework.security.web.authentication.logout.LogoutFilter@3b6827ec, org.springframework.security.web.authentication.UsernamePasswordAuthenticationFilter@5d4d3bca, org.springframework.security.web.savedrequest.RequestCacheAwareFilter@57bdd708, org.springframework.security.web.servletapi.SecurityContextHolderAwareRequestFilter@4ef6bfab, org.springframework.security.web.authentication.AnonymousAuthenticationFilter@3482360, org.springframework.security.web.session.SessionManagementFilter@539089b3, org.springframework.security.web.access.ExceptionTranslationFilter@54f00b55, org.springframework.security.web.access.intercept.FilterSecurityInterceptor@5871024]
2021-02-08 14:34:22,949 INFO org.springframework.scheduling.concurrent.ExecutorConfigurationSupport [restartedMain] Initializing ExecutorService 'applicationTaskExecutor'
2021-02-08 14:34:23,635 INFO org.springframework.boot.web.embedded.tomcat.TomcatWebServer [restartedMain] Tomcat started on port(s): 8080 (http) with context path ''
2021-02-08 14:34:23,637 INFO org.springframework.boot.StartupInfoLogger [restartedMain] Started AerolineaApplication in 6.977 seconds (JVM running for 7.618)
2021-02-08 14:34:59,765 INFO org.springframework.boot.StartupInfoLogger [restartedMain] Starting AerolineaApplication on DESKTOP-ANGEL with PID 12056 (C:\Users\angel\git\dp1-2020-g3-3\target\classes started by angel in C:\Users\angel\git\dp1-2020-g3-3)
2021-02-08 14:34:59,768 INFO org.springframework.boot.SpringApplication [restartedMain] No active profile set, falling back to default profiles: default
2021-02-08 14:34:59,818 INFO org.springframework.boot.logging.DeferredLog [restartedMain] The Class-Path manifest attribute in C:\Users\angel\.m2\repository\org\glassfish\jaxb\jaxb-runtime\2.3.2\jaxb-runtime-2.3.2.jar referenced one or more files that do not exist: file:/C:/Users/angel/.m2/repository/org/glassfish/jaxb/jaxb-runtime/2.3.2/jakarta.xml.bind-api-2.3.2.jar,file:/C:/Users/angel/.m2/repository/org/glassfish/jaxb/jaxb-runtime/2.3.2/txw2-2.3.2.jar,file:/C:/Users/angel/.m2/repository/org/glassfish/jaxb/jaxb-runtime/2.3.2/istack-commons-runtime-3.0.8.jar,file:/C:/Users/angel/.m2/repository/org/glassfish/jaxb/jaxb-runtime/2.3.2/stax-ex-1.8.1.jar,file:/C:/Users/angel/.m2/repository/org/glassfish/jaxb/jaxb-runtime/2.3.2/FastInfoset-1.2.16.jar,file:/C:/Users/angel/.m2/repository/org/glassfish/jaxb/jaxb-runtime/2.3.2/jakarta.activation-api-1.2.1.jar
2021-02-08 14:34:59,818 INFO org.springframework.boot.logging.DeferredLog [restartedMain] Devtools property defaults active! Set 'spring.devtools.add-properties' to 'false' to disable
2021-02-08 14:34:59,818 INFO org.springframework.boot.logging.DeferredLog [restartedMain] For additional web related logging consider setting the 'logging.level.web' property to 'DEBUG'
2021-02-08 14:35:00,669 INFO org.springframework.data.repository.config.RepositoryConfigurationDelegate [restartedMain] Bootstrapping Spring Data JPA repositories in DEFAULT mode.
2021-02-08 14:35:00,834 INFO org.springframework.data.repository.config.RepositoryConfigurationDelegate [restartedMain] Finished Spring Data repository scanning in 157ms. Found 15 JPA repository interfaces.
2021-02-08 14:35:01,300 INFO org.springframework.context.support.PostProcessorRegistrationDelegate$BeanPostProcessorChecker [restartedMain] Bean 'org.springframework.transaction.annotation.ProxyTransactionManagementConfiguration' of type [org.springframework.transaction.annotation.ProxyTransactionManagementConfiguration] is not eligible for getting processed by all BeanPostProcessors (for example: not eligible for auto-proxying)
2021-02-08 14:35:01,903 INFO org.springframework.boot.web.embedded.tomcat.TomcatWebServer [restartedMain] Tomcat initialized with port(s): 8080 (http)
2021-02-08 14:35:02,327 INFO org.springframework.boot.web.servlet.context.ServletWebServerApplicationContext [restartedMain] Root WebApplicationContext: initialization completed in 2509 ms
2021-02-08 14:35:02,688 INFO org.springframework.boot.autoconfigure.h2.H2ConsoleAutoConfiguration [restartedMain] H2 console available at '/h2-console'. Database available at 'jdbc:h2:mem:testdb'
2021-02-08 14:35:04,769 INFO org.springframework.orm.jpa.AbstractEntityManagerFactoryBean [restartedMain] Initialized JPA EntityManagerFactory for persistence unit 'default'
2021-02-08 14:35:04,787 INFO org.springframework.boot.devtools.autoconfigure.OptionalLiveReloadServer [restartedMain] LiveReload server is running on port 35729
2021-02-08 14:35:06,227 INFO org.springframework.security.web.DefaultSecurityFilterChain [restartedMain] Creating filter chain: any request, [org.springframework.security.web.context.request.async.WebAsyncManagerIntegrationFilter@1983d567, org.springframework.security.web.context.SecurityContextPersistenceFilter@377aa169, org.springframework.security.web.header.HeaderWriterFilter@395df1e1, org.springframework.security.web.authentication.logout.LogoutFilter@4caebe79, org.springframework.security.web.authentication.UsernamePasswordAuthenticationFilter@3ff629a3, org.springframework.security.web.savedrequest.RequestCacheAwareFilter@42846b2d, org.springframework.security.web.servletapi.SecurityContextHolderAwareRequestFilter@11a6c8b1, org.springframework.security.web.authentication.AnonymousAuthenticationFilter@6c6bb, org.springframework.security.web.session.SessionManagementFilter@52e9860d, org.springframework.security.web.access.ExceptionTranslationFilter@58d99c33, org.springframework.security.web.access.intercept.FilterSecurityInterceptor@5dc2b020]
2021-02-08 14:35:06,367 INFO org.springframework.scheduling.concurrent.ExecutorConfigurationSupport [restartedMain] Initializing ExecutorService 'applicationTaskExecutor'
2021-02-08 14:35:07,180 INFO org.springframework.boot.web.embedded.tomcat.TomcatWebServer [restartedMain] Tomcat started on port(s): 8080 (http) with context path ''
2021-02-08 14:35:07,183 INFO org.springframework.boot.StartupInfoLogger [restartedMain] Started AerolineaApplication in 7.809 seconds (JVM running for 8.426)
2021-02-08 14:35:27,796 INFO org.springframework.web.servlet.FrameworkServlet [http-nio-8080-exec-1] Initializing Servlet 'dispatcherServlet'
2021-02-08 14:35:27,804 INFO org.springframework.web.servlet.FrameworkServlet [http-nio-8080-exec-1] Completed initialization in 7 ms
2021-02-08 14:35:27,867 INFO org.springframework.samples.aerolineasAAAFC.web.VueloController [http-nio-8080-exec-2] fecha: null, precio: null, origen: null, destino: null
2021-02-08 14:35:27,871 INFO org.springframework.samples.aerolineasAAAFC.web.VueloController [http-nio-8080-exec-2] se ha accedido al filtro nulo
2021-02-08 14:35:52,104 ERROR org.springframework.samples.aerolineasAAAFC.service.myUserDetailsService [http-nio-8080-exec-6] El usuario 28845479Y no se encuentra en el sistema.
2021-02-08 14:38:34,742 INFO org.springframework.boot.StartupInfoLogger [restartedMain] Starting AerolineaApplication on DESKTOP-ANGEL with PID 496 (C:\Users\angel\git\dp1-2020-g3-3\target\classes started by angel in C:\Users\angel\git\dp1-2020-g3-3)
2021-02-08 14:38:34,745 INFO org.springframework.boot.SpringApplication [restartedMain] No active profile set, falling back to default profiles: default
2021-02-08 14:38:34,792 INFO org.springframework.boot.logging.DeferredLog [restartedMain] The Class-Path manifest attribute in C:\Users\angel\.m2\repository\org\glassfish\jaxb\jaxb-runtime\2.3.2\jaxb-runtime-2.3.2.jar referenced one or more files that do not exist: file:/C:/Users/angel/.m2/repository/org/glassfish/jaxb/jaxb-runtime/2.3.2/jakarta.xml.bind-api-2.3.2.jar,file:/C:/Users/angel/.m2/repository/org/glassfish/jaxb/jaxb-runtime/2.3.2/txw2-2.3.2.jar,file:/C:/Users/angel/.m2/repository/org/glassfish/jaxb/jaxb-runtime/2.3.2/istack-commons-runtime-3.0.8.jar,file:/C:/Users/angel/.m2/repository/org/glassfish/jaxb/jaxb-runtime/2.3.2/stax-ex-1.8.1.jar,file:/C:/Users/angel/.m2/repository/org/glassfish/jaxb/jaxb-runtime/2.3.2/FastInfoset-1.2.16.jar,file:/C:/Users/angel/.m2/repository/org/glassfish/jaxb/jaxb-runtime/2.3.2/jakarta.activation-api-1.2.1.jar
2021-02-08 14:38:34,792 INFO org.springframework.boot.logging.DeferredLog [restartedMain] Devtools property defaults active! Set 'spring.devtools.add-properties' to 'false' to disable
2021-02-08 14:38:34,792 INFO org.springframework.boot.logging.DeferredLog [restartedMain] For additional web related logging consider setting the 'logging.level.web' property to 'DEBUG'
2021-02-08 14:38:35,652 INFO org.springframework.data.repository.config.RepositoryConfigurationDelegate [restartedMain] Bootstrapping Spring Data JPA repositories in DEFAULT mode.
2021-02-08 14:38:35,833 INFO org.springframework.data.repository.config.RepositoryConfigurationDelegate [restartedMain] Finished Spring Data repository scanning in 170ms. Found 15 JPA repository interfaces.
2021-02-08 14:38:36,301 INFO org.springframework.context.support.PostProcessorRegistrationDelegate$BeanPostProcessorChecker [restartedMain] Bean 'org.springframework.transaction.annotation.ProxyTransactionManagementConfiguration' of type [org.springframework.transaction.annotation.ProxyTransactionManagementConfiguration] is not eligible for getting processed by all BeanPostProcessors (for example: not eligible for auto-proxying)
2021-02-08 14:38:36,787 INFO org.springframework.boot.web.embedded.tomcat.TomcatWebServer [restartedMain] Tomcat initialized with port(s): 8080 (http)
2021-02-08 14:38:37,161 INFO org.springframework.boot.web.servlet.context.ServletWebServerApplicationContext [restartedMain] Root WebApplicationContext: initialization completed in 2369 ms
2021-02-08 14:38:37,441 INFO org.springframework.boot.autoconfigure.h2.H2ConsoleAutoConfiguration [restartedMain] H2 console available at '/h2-console'. Database available at 'jdbc:h2:mem:testdb'
2021-02-08 14:38:39,447 INFO org.springframework.orm.jpa.AbstractEntityManagerFactoryBean [restartedMain] Initialized JPA EntityManagerFactory for persistence unit 'default'
2021-02-08 14:38:39,471 INFO org.springframework.boot.devtools.autoconfigure.OptionalLiveReloadServer [restartedMain] LiveReload server is running on port 35729
2021-02-08 14:38:41,005 INFO org.springframework.security.web.DefaultSecurityFilterChain [restartedMain] Creating filter chain: any request, [org.springframework.security.web.context.request.async.WebAsyncManagerIntegrationFilter@122fece7, org.springframework.security.web.context.SecurityContextPersistenceFilter@347fe2b6, org.springframework.security.web.header.HeaderWriterFilter@64f84683, org.springframework.security.web.authentication.logout.LogoutFilter@5ada343f, org.springframework.security.web.authentication.UsernamePasswordAuthenticationFilter@54c63907, org.springframework.security.web.savedrequest.RequestCacheAwareFilter@c061265, org.springframework.security.web.servletapi.SecurityContextHolderAwareRequestFilter@4a0ea560, org.springframework.security.web.authentication.AnonymousAuthenticationFilter@4fbaf301, org.springframework.security.web.session.SessionManagementFilter@6afa75cd, org.springframework.security.web.access.ExceptionTranslationFilter@3fdb4ea8, org.springframework.security.web.access.intercept.FilterSecurityInterceptor@23846878]
2021-02-08 14:38:41,142 INFO org.springframework.scheduling.concurrent.ExecutorConfigurationSupport [restartedMain] Initializing ExecutorService 'applicationTaskExecutor'
2021-02-08 14:38:41,943 INFO org.springframework.boot.web.embedded.tomcat.TomcatWebServer [restartedMain] Tomcat started on port(s): 8080 (http) with context path ''
2021-02-08 14:38:41,945 INFO org.springframework.boot.StartupInfoLogger [restartedMain] Started AerolineaApplication in 7.564 seconds (JVM running for 8.248)
2021-02-08 14:39:02,741 INFO org.springframework.web.servlet.FrameworkServlet [http-nio-8080-exec-1] Initializing Servlet 'dispatcherServlet'
2021-02-08 14:39:02,748 INFO org.springframework.web.servlet.FrameworkServlet [http-nio-8080-exec-1] Completed initialization in 6 ms
2021-02-08 14:39:02,802 INFO org.springframework.samples.aerolineasAAAFC.web.VueloController [http-nio-8080-exec-1] fecha: null, precio: null, origen: null, destino: null
2021-02-08 14:39:02,809 INFO org.springframework.samples.aerolineasAAAFC.web.VueloController [http-nio-8080-exec-1] se ha accedido al filtro nulo
2021-02-08 14:43:24,750 INFO org.springframework.samples.aerolineasAAAFC.web.VueloController [http-nio-8080-exec-5] fecha: null, precio: null, origen: null, destino: null
2021-02-08 14:43:24,751 INFO org.springframework.samples.aerolineasAAAFC.web.VueloController [http-nio-8080-exec-5] se ha accedido al filtro nulo
2021-02-08 14:47:06,888 INFO org.springframework.scheduling.concurrent.ExecutorConfigurationSupport [Thread-5] Shutting down ExecutorService 'applicationTaskExecutor'
2021-02-08 14:47:06,899 INFO org.springframework.orm.jpa.AbstractEntityManagerFactoryBean [Thread-5] Closing JPA EntityManagerFactory for persistence unit 'default'
2021-02-08 14:47:06,904 ERROR org.hibernate.tool.schema.internal.SchemaDropperImpl$DelayedDropActionImpl [Thread-5] HHH000478: Unsuccessful: 
    drop table aeropuertos if exists
2021-02-08 14:47:06,906 ERROR org.hibernate.tool.schema.internal.SchemaDropperImpl$DelayedDropActionImpl [Thread-5] HHH000478: Unsuccessful: 
    drop table asientos if exists
2021-02-08 14:47:06,913 ERROR org.hibernate.tool.schema.internal.SchemaDropperImpl$DelayedDropActionImpl [Thread-5] HHH000478: Unsuccessful: 
    drop table aviones if exists
2021-02-08 14:47:06,916 ERROR org.hibernate.tool.schema.internal.SchemaDropperImpl$DelayedDropActionImpl [Thread-5] HHH000478: Unsuccessful: 
    drop table azafatos if exists
2021-02-08 14:47:06,919 ERROR org.hibernate.tool.schema.internal.SchemaDropperImpl$DelayedDropActionImpl [Thread-5] HHH000478: Unsuccessful: 
    drop table billetes if exists
2021-02-08 14:47:06,919 ERROR org.hibernate.tool.schema.internal.SchemaDropperImpl$DelayedDropActionImpl [Thread-5] HHH000478: Unsuccessful: 
    drop table clientes if exists
2021-02-08 14:47:06,924 ERROR org.hibernate.tool.schema.internal.SchemaDropperImpl$DelayedDropActionImpl [Thread-5] HHH000478: Unsuccessful: 
    drop table idioma_types if exists
2021-02-08 14:47:06,931 ERROR org.hibernate.tool.schema.internal.SchemaDropperImpl$DelayedDropActionImpl [Thread-5] HHH000478: Unsuccessful: 
    drop table users if exists
2021-02-08 14:47:06,932 ERROR org.hibernate.tool.schema.internal.SchemaDropperImpl$DelayedDropActionImpl [Thread-5] HHH000478: Unsuccessful: 
    drop table vuelos if exists
2021-02-08 14:47:07,138 WARN org.springframework.beans.factory.support.DisposableBeanAdapter [Thread-5] Invocation of destroy method failed on bean with name 'inMemoryDatabaseShutdownExecutor': org.h2.jdbc.JdbcSQLNonTransientConnectionException: La base de datos ya esta cerrada (para des-habilitar el cerrado automatico durante el shutdown de la VM, agregue ";DB_CLOSE_ON_EXIT=FALSE" a la URL de conexión)
Database is already closed (to disable automatic closing at VM shutdown, add ";DB_CLOSE_ON_EXIT=FALSE" to the db URL) [90121-200]
2021-02-08 14:47:07,433 INFO org.springframework.boot.StartupInfoLogger [restartedMain] Starting AerolineaApplication on DESKTOP-ANGEL with PID 496 (C:\Users\angel\git\dp1-2020-g3-3\target\classes started by angel in C:\Users\angel\git\dp1-2020-g3-3)
2021-02-08 14:47:07,433 INFO org.springframework.boot.SpringApplication [restartedMain] No active profile set, falling back to default profiles: default
2021-02-08 14:47:07,763 INFO org.springframework.data.repository.config.RepositoryConfigurationDelegate [restartedMain] Bootstrapping Spring Data JPA repositories in DEFAULT mode.
2021-02-08 14:47:07,856 INFO org.springframework.data.repository.config.RepositoryConfigurationDelegate [restartedMain] Finished Spring Data repository scanning in 93ms. Found 15 JPA repository interfaces.
2021-02-08 14:47:07,952 INFO org.springframework.context.support.PostProcessorRegistrationDelegate$BeanPostProcessorChecker [restartedMain] Bean 'org.springframework.transaction.annotation.ProxyTransactionManagementConfiguration' of type [org.springframework.transaction.annotation.ProxyTransactionManagementConfiguration] is not eligible for getting processed by all BeanPostProcessors (for example: not eligible for auto-proxying)
2021-02-08 14:47:08,068 INFO org.springframework.boot.web.embedded.tomcat.TomcatWebServer [restartedMain] Tomcat initialized with port(s): 8080 (http)
2021-02-08 14:47:08,166 INFO org.springframework.boot.web.servlet.context.ServletWebServerApplicationContext [restartedMain] Root WebApplicationContext: initialization completed in 729 ms
2021-02-08 14:47:08,186 INFO org.springframework.boot.autoconfigure.h2.H2ConsoleAutoConfiguration [restartedMain] H2 console available at '/h2-console'. Database available at 'jdbc:h2:mem:testdb'
2021-02-08 14:47:08,583 INFO org.springframework.orm.jpa.AbstractEntityManagerFactoryBean [restartedMain] Initialized JPA EntityManagerFactory for persistence unit 'default'
2021-02-08 14:47:08,588 INFO org.springframework.boot.devtools.autoconfigure.OptionalLiveReloadServer [restartedMain] LiveReload server is running on port 35729
2021-02-08 14:47:09,028 INFO org.springframework.security.web.DefaultSecurityFilterChain [restartedMain] Creating filter chain: any request, [org.springframework.security.web.context.request.async.WebAsyncManagerIntegrationFilter@9eb5120, org.springframework.security.web.context.SecurityContextPersistenceFilter@68c1af9d, org.springframework.security.web.header.HeaderWriterFilter@260da3a, org.springframework.security.web.authentication.logout.LogoutFilter@67b464cd, org.springframework.security.web.authentication.UsernamePasswordAuthenticationFilter@2fe2e0ad, org.springframework.security.web.savedrequest.RequestCacheAwareFilter@5090c351, org.springframework.security.web.servletapi.SecurityContextHolderAwareRequestFilter@54257273, org.springframework.security.web.authentication.AnonymousAuthenticationFilter@6a410b0, org.springframework.security.web.session.SessionManagementFilter@5cd149c4, org.springframework.security.web.access.ExceptionTranslationFilter@472fe8dc, org.springframework.security.web.access.intercept.FilterSecurityInterceptor@6293f2c8]
2021-02-08 14:47:09,069 INFO org.springframework.scheduling.concurrent.ExecutorConfigurationSupport [restartedMain] Initializing ExecutorService 'applicationTaskExecutor'
2021-02-08 14:47:09,425 INFO org.springframework.boot.web.embedded.tomcat.TomcatWebServer [restartedMain] Tomcat started on port(s): 8080 (http) with context path ''
2021-02-08 14:47:09,426 INFO org.springframework.boot.StartupInfoLogger [restartedMain] Started AerolineaApplication in 2.04 seconds (JVM running for 515.729)
2021-02-08 14:47:09,428 INFO org.springframework.boot.devtools.autoconfigure.ConditionEvaluationDeltaLoggingListener [restartedMain] Condition evaluation unchanged
2021-02-08 14:47:17,013 INFO org.springframework.web.servlet.FrameworkServlet [http-nio-8080-exec-1] Initializing Servlet 'dispatcherServlet'
2021-02-08 14:47:17,017 INFO org.springframework.web.servlet.FrameworkServlet [http-nio-8080-exec-1] Completed initialization in 2 ms
2021-02-08 14:48:46,125 INFO org.springframework.samples.aerolineasAAAFC.service.myUserDetailsService [http-nio-8080-exec-8] el usuario admin entró en el sistema.
2021-02-08 14:48:46,126 INFO org.springframework.samples.aerolineasAAAFC.service.myUserDetailsService [http-nio-8080-exec-8] Autoridades del usuario: [admin].
2021-02-08 14:48:46,208 INFO org.springframework.samples.aerolineasAAAFC.web.VueloController [http-nio-8080-exec-9] fecha: null, precio: null, origen: null, destino: null
2021-02-08 14:48:46,209 INFO org.springframework.samples.aerolineasAAAFC.web.VueloController [http-nio-8080-exec-9] se ha accedido al filtro nulo
2021-02-08 15:06:03,845 INFO org.springframework.samples.aerolineasAAAFC.web.VueloController [http-nio-8080-exec-8] fecha: null, precio: null, origen: null, destino: null
2021-02-08 15:06:03,845 INFO org.springframework.samples.aerolineasAAAFC.web.VueloController [http-nio-8080-exec-8] se ha accedido al filtro nulo
2021-02-08 15:06:20,841 INFO org.springframework.samples.aerolineasAAAFC.web.VueloController [http-nio-8080-exec-9] fecha: null, precio: null, origen: null, destino: null
2021-02-08 15:06:20,841 INFO org.springframework.samples.aerolineasAAAFC.web.VueloController [http-nio-8080-exec-9] se ha accedido al filtro nulo
